INFO - LoggingAdvice.invoke(117) |2025-07-09T01:14:03,776| In method AdministrationService.saveGlobalProperty. Arguments: GlobalProperty=property: event.started value: true, 
INFO - LoggingAdvice.invoke(157) |2025-07-09T01:14:03,809| Exiting method saveGlobalProperty
INFO - LoggingAdvice.invoke(117) |2025-07-09T01:14:03,811| In method AdministrationService.saveGlobalProperty. Arguments: GlobalProperty=property: event.mandatory value: false, 
INFO - LoggingAdvice.invoke(157) |2025-07-09T01:14:03,814| Exiting method saveGlobalProperty
INFO - LoggingAdvice.invoke(117) |2025-07-09T01:14:03,852| In method AdministrationService.saveGlobalProperty. Arguments: GlobalProperty=property: legacyui.started value: true, 
INFO - LoggingAdvice.invoke(157) |2025-07-09T01:14:03,855| Exiting method saveGlobalProperty
INFO - LoggingAdvice.invoke(117) |2025-07-09T01:14:03,857| In method AdministrationService.saveGlobalProperty. Arguments: GlobalProperty=property: legacyui.mandatory value: false, 
INFO - LoggingAdvice.invoke(157) |2025-07-09T01:14:03,861| Exiting method saveGlobalProperty
INFO - LoggingAdvice.invoke(117) |2025-07-09T01:14:04,320| In method AdministrationService.saveGlobalProperty. Arguments: GlobalProperty=property: fhir2.started value: true, 
INFO - LoggingAdvice.invoke(157) |2025-07-09T01:14:04,323| Exiting method saveGlobalProperty
INFO - LoggingAdvice.invoke(117) |2025-07-09T01:14:04,325| In method AdministrationService.saveGlobalProperty. Arguments: GlobalProperty=property: fhir2.mandatory value: false, 
INFO - LoggingAdvice.invoke(157) |2025-07-09T01:14:04,328| Exiting method saveGlobalProperty
INFO - LoggingAdvice.invoke(117) |2025-07-09T01:14:04,458| In method AdministrationService.saveGlobalProperty. Arguments: GlobalProperty=property: oauth2login.started value: true, 
INFO - LoggingAdvice.invoke(157) |2025-07-09T01:14:04,461| Exiting method saveGlobalProperty
INFO - LoggingAdvice.invoke(117) |2025-07-09T01:14:04,467| In method AdministrationService.saveGlobalProperty. Arguments: GlobalProperty=property: oauth2login.mandatory value: false, 
INFO - LoggingAdvice.invoke(157) |2025-07-09T01:14:04,475| Exiting method saveGlobalProperty
INFO - LoggingAdvice.invoke(117) |2025-07-09T01:14:04,491| In method AdministrationService.saveGlobalProperty. Arguments: GlobalProperty=property: spa.started value: true, 
INFO - LoggingAdvice.invoke(157) |2025-07-09T01:14:04,493| Exiting method saveGlobalProperty
INFO - LoggingAdvice.invoke(117) |2025-07-09T01:14:04,498| In method AdministrationService.saveGlobalProperty. Arguments: GlobalProperty=property: spa.mandatory value: false, 
INFO - LoggingAdvice.invoke(157) |2025-07-09T01:14:04,500| Exiting method saveGlobalProperty
INFO - LoggingAdvice.invoke(117) |2025-07-09T01:14:04,576| In method AdministrationService.saveGlobalProperty. Arguments: GlobalProperty=property: dataexchange.started value: true, 
INFO - LoggingAdvice.invoke(157) |2025-07-09T01:14:04,577| Exiting method saveGlobalProperty
INFO - LoggingAdvice.invoke(117) |2025-07-09T01:14:04,580| In method AdministrationService.saveGlobalProperty. Arguments: GlobalProperty=property: dataexchange.mandatory value: false, 
INFO - LoggingAdvice.invoke(157) |2025-07-09T01:14:04,582| Exiting method saveGlobalProperty
INFO - LoggingAdvice.invoke(117) |2025-07-09T01:14:04,604| In method AdministrationService.saveGlobalProperty. Arguments: GlobalProperty=property: reportingcompatibility.started value: true, 
INFO - LoggingAdvice.invoke(157) |2025-07-09T01:14:04,607| Exiting method saveGlobalProperty
INFO - LoggingAdvice.invoke(117) |2025-07-09T01:14:04,609| In method AdministrationService.saveGlobalProperty. Arguments: GlobalProperty=property: reportingcompatibility.mandatory value: false, 
INFO - LoggingAdvice.invoke(157) |2025-07-09T01:14:04,611| Exiting method saveGlobalProperty
INFO - LoggingAdvice.invoke(117) |2025-07-09T01:14:04,725| In method AdministrationService.saveGlobalProperty. Arguments: GlobalProperty=property: webservices.rest.started value: true, 
INFO - LoggingAdvice.invoke(157) |2025-07-09T01:14:04,727| Exiting method saveGlobalProperty
INFO - LoggingAdvice.invoke(117) |2025-07-09T01:14:04,731| In method AdministrationService.saveGlobalProperty. Arguments: GlobalProperty=property: webservices.rest.mandatory value: false, 
INFO - LoggingAdvice.invoke(157) |2025-07-09T01:14:04,735| Exiting method saveGlobalProperty
INFO - LoggingAdvice.invoke(117) |2025-07-09T01:14:04,774| In method AdministrationService.saveGlobalProperty. Arguments: GlobalProperty=property: serialization.xstream.started value: true, 
INFO - LoggingAdvice.invoke(157) |2025-07-09T01:14:04,776| Exiting method saveGlobalProperty
INFO - LoggingAdvice.invoke(117) |2025-07-09T01:14:04,779| In method AdministrationService.saveGlobalProperty. Arguments: GlobalProperty=property: serialization.xstream.mandatory value: false, 
INFO - LoggingAdvice.invoke(157) |2025-07-09T01:14:04,781| Exiting method saveGlobalProperty
INFO - LoggingAdvice.invoke(117) |2025-07-09T01:14:04,892| In method AdministrationService.saveGlobalProperty. Arguments: GlobalProperty=property: uiframework.started value: true, 
INFO - LoggingAdvice.invoke(157) |2025-07-09T01:14:04,897| Exiting method saveGlobalProperty
INFO - LoggingAdvice.invoke(117) |2025-07-09T01:14:04,900| In method AdministrationService.saveGlobalProperty. Arguments: GlobalProperty=property: uiframework.mandatory value: false, 
INFO - LoggingAdvice.invoke(157) |2025-07-09T01:14:04,902| Exiting method saveGlobalProperty
INFO - LoggingAdvice.invoke(117) |2025-07-09T01:14:05,002| In method AdministrationService.saveGlobalProperty. Arguments: GlobalProperty=property: uicommons.started value: true, 
INFO - LoggingAdvice.invoke(157) |2025-07-09T01:14:05,004| Exiting method saveGlobalProperty
INFO - LoggingAdvice.invoke(117) |2025-07-09T01:14:05,005| In method AdministrationService.saveGlobalProperty. Arguments: GlobalProperty=property: uicommons.mandatory value: false, 
INFO - LoggingAdvice.invoke(157) |2025-07-09T01:14:05,007| Exiting method saveGlobalProperty
INFO - LoggingAdvice.invoke(117) |2025-07-09T01:14:05,067| In method AdministrationService.saveGlobalProperty. Arguments: GlobalProperty=property: atlas.started value: true, 
INFO - LoggingAdvice.invoke(157) |2025-07-09T01:14:05,068| Exiting method saveGlobalProperty
INFO - LoggingAdvice.invoke(117) |2025-07-09T01:14:05,070| In method AdministrationService.saveGlobalProperty. Arguments: GlobalProperty=property: atlas.mandatory value: false, 
INFO - LoggingAdvice.invoke(157) |2025-07-09T01:14:05,072| Exiting method saveGlobalProperty
INFO - LoggingAdvice.invoke(117) |2025-07-09T01:14:05,159| In method AdministrationService.saveGlobalProperty. Arguments: GlobalProperty=property: uilibrary.started value: true, 
INFO - LoggingAdvice.invoke(157) |2025-07-09T01:14:05,161| Exiting method saveGlobalProperty
INFO - LoggingAdvice.invoke(117) |2025-07-09T01:14:05,165| In method AdministrationService.saveGlobalProperty. Arguments: GlobalProperty=property: uilibrary.mandatory value: false, 
INFO - LoggingAdvice.invoke(157) |2025-07-09T01:14:05,167| Exiting method saveGlobalProperty
INFO - LoggingAdvice.invoke(117) |2025-07-09T01:14:05,235| In method AdministrationService.saveGlobalProperty. Arguments: GlobalProperty=property: providermanagement.started value: true, 
INFO - LoggingAdvice.invoke(157) |2025-07-09T01:14:05,238| Exiting method saveGlobalProperty
INFO - LoggingAdvice.invoke(117) |2025-07-09T01:14:05,240| In method AdministrationService.saveGlobalProperty. Arguments: GlobalProperty=property: providermanagement.mandatory value: false, 
INFO - LoggingAdvice.invoke(157) |2025-07-09T01:14:05,244| Exiting method saveGlobalProperty
INFO - LoggingAdvice.invoke(117) |2025-07-09T01:14:05,278| In method AdministrationService.saveGlobalProperty. Arguments: GlobalProperty=property: htmlwidgets.started value: true, 
INFO - LoggingAdvice.invoke(157) |2025-07-09T01:14:05,280| Exiting method saveGlobalProperty
INFO - LoggingAdvice.invoke(117) |2025-07-09T01:14:05,283| In method AdministrationService.saveGlobalProperty. Arguments: GlobalProperty=property: htmlwidgets.mandatory value: false, 
INFO - LoggingAdvice.invoke(157) |2025-07-09T01:14:05,285| Exiting method saveGlobalProperty
INFO - LoggingAdvice.invoke(117) |2025-07-09T01:14:05,376| In method AdministrationService.saveGlobalProperty. Arguments: GlobalProperty=property: addresshierarchy.started value: true, 
INFO - LoggingAdvice.invoke(157) |2025-07-09T01:14:05,378| Exiting method saveGlobalProperty
INFO - LoggingAdvice.invoke(117) |2025-07-09T01:14:05,382| In method AdministrationService.saveGlobalProperty. Arguments: GlobalProperty=property: addresshierarchy.mandatory value: false, 
INFO - LoggingAdvice.invoke(157) |2025-07-09T01:14:05,385| Exiting method saveGlobalProperty
INFO - LoggingAdvice.invoke(117) |2025-07-09T01:14:05,419| In method AdministrationService.saveGlobalProperty. Arguments: GlobalProperty=property: owa.started value: true, 
INFO - LoggingAdvice.invoke(157) |2025-07-09T01:14:05,422| Exiting method saveGlobalProperty
INFO - LoggingAdvice.invoke(117) |2025-07-09T01:14:05,424| In method AdministrationService.saveGlobalProperty. Arguments: GlobalProperty=property: owa.mandatory value: false, 
INFO - LoggingAdvice.invoke(157) |2025-07-09T01:14:05,426| Exiting method saveGlobalProperty
INFO - LoggingAdvice.invoke(117) |2025-07-09T01:14:05,535| In method AdministrationService.saveGlobalProperty. Arguments: GlobalProperty=property: openconceptlab.started value: true, 
INFO - LoggingAdvice.invoke(157) |2025-07-09T01:14:05,538| Exiting method saveGlobalProperty
INFO - LoggingAdvice.invoke(117) |2025-07-09T01:14:05,540| In method AdministrationService.saveGlobalProperty. Arguments: GlobalProperty=property: openconceptlab.mandatory value: false, 
INFO - LoggingAdvice.invoke(157) |2025-07-09T01:14:05,543| Exiting method saveGlobalProperty
INFO - LoggingAdvice.invoke(117) |2025-07-09T01:14:05,662| In method AdministrationService.saveGlobalProperty. Arguments: GlobalProperty=property: metadatamapping.started value: true, 
INFO - LoggingAdvice.invoke(157) |2025-07-09T01:14:05,666| Exiting method saveGlobalProperty
INFO - LoggingAdvice.invoke(117) |2025-07-09T01:14:05,669| In method AdministrationService.saveGlobalProperty. Arguments: GlobalProperty=property: metadatamapping.mandatory value: false, 
INFO - LoggingAdvice.invoke(157) |2025-07-09T01:14:05,671| Exiting method saveGlobalProperty
INFO - LoggingAdvice.invoke(117) |2025-07-09T01:14:05,762| In method AdministrationService.saveGlobalProperty. Arguments: GlobalProperty=property: metadatasharing.started value: true, 
INFO - LoggingAdvice.invoke(157) |2025-07-09T01:14:05,765| Exiting method saveGlobalProperty
INFO - LoggingAdvice.invoke(117) |2025-07-09T01:14:05,767| In method AdministrationService.saveGlobalProperty. Arguments: GlobalProperty=property: metadatasharing.mandatory value: false, 
INFO - LoggingAdvice.invoke(157) |2025-07-09T01:14:05,770| Exiting method saveGlobalProperty
INFO - LoggingAdvice.invoke(117) |2025-07-09T01:14:05,854| In method AdministrationService.saveGlobalProperty. Arguments: GlobalProperty=property: metadatadeploy.started value: true, 
INFO - LoggingAdvice.invoke(157) |2025-07-09T01:14:05,856| Exiting method saveGlobalProperty
INFO - LoggingAdvice.invoke(117) |2025-07-09T01:14:05,858| In method AdministrationService.saveGlobalProperty. Arguments: GlobalProperty=property: metadatadeploy.mandatory value: false, 
INFO - LoggingAdvice.invoke(157) |2025-07-09T01:14:05,860| Exiting method saveGlobalProperty
INFO - LoggingAdvice.invoke(117) |2025-07-09T01:14:06,040| In method AdministrationService.saveGlobalProperty. Arguments: GlobalProperty=property: htmlformentry.started value: true, 
INFO - LoggingAdvice.invoke(157) |2025-07-09T01:14:06,042| Exiting method saveGlobalProperty
INFO - LoggingAdvice.invoke(117) |2025-07-09T01:14:06,044| In method AdministrationService.saveGlobalProperty. Arguments: GlobalProperty=property: htmlformentry.mandatory value: false, 
INFO - LoggingAdvice.invoke(157) |2025-07-09T01:14:06,047| Exiting method saveGlobalProperty
INFO - LoggingAdvice.invoke(117) |2025-07-09T01:14:06,146| In method AdministrationService.saveGlobalProperty. Arguments: GlobalProperty=property: calculation.started value: true, 
INFO - LoggingAdvice.invoke(157) |2025-07-09T01:14:06,148| Exiting method saveGlobalProperty
INFO - LoggingAdvice.invoke(117) |2025-07-09T01:14:06,150| In method AdministrationService.saveGlobalProperty. Arguments: GlobalProperty=property: calculation.mandatory value: false, 
INFO - LoggingAdvice.invoke(157) |2025-07-09T01:14:06,152| Exiting method saveGlobalProperty
WARN - ModuleFactory.startModuleInternal(788) |2025-07-09T01:14:06,609| Error while trying to start module: reporting
org.openmrs.module.ModuleException: Unable to update data model using liquibase.xml. Module: Reporting
	at org.openmrs.module.ModuleFactory.runLiquibase(ModuleFactory.java:997) ~[openmrs-api-2.4.0.jar:?]
	at org.openmrs.module.ModuleFactory.startModuleInternal(ModuleFactory.java:728) [openmrs-api-2.4.0.jar:?]
	at org.openmrs.api.context.Daemon$1.run(Daemon.java:80) [openmrs-api-2.4.0.jar:?]
Caused by: liquibase.exception.MigrationFailedException: Migration failed for change set liquibase.xml::reporting_report_design_5::mseaton:
     Reason: liquibase.exception.DatabaseException: Key column 'report_definition_uuid' doesn't exist in table [Failed SQL: (1072) CREATE INDEX report_definition_uuid_for_reporting_report_design ON openmrs.reporting_report_design(report_definition_uuid)]
	at liquibase.changelog.ChangeSet.execute(ChangeSet.java:659) ~[liquibase-core-3.10.2.jar:?]
	at liquibase.changelog.visitor.UpdateVisitor.visit(UpdateVisitor.java:53) ~[liquibase-core-3.10.2.jar:?]
	at org.openmrs.util.DatabaseUpdater$OpenmrsUpdateVisitor.visit(DatabaseUpdater.java:850) ~[openmrs-api-2.4.0.jar:?]
	at liquibase.changelog.ChangeLogIterator.run(ChangeLogIterator.java:97) ~[liquibase-core-3.10.2.jar:?]
	at org.openmrs.util.DatabaseUpdater.executeChangelog(DatabaseUpdater.java:232) ~[openmrs-api-2.4.0.jar:?]
	at org.openmrs.module.ModuleFactory.runLiquibase(ModuleFactory.java:989) ~[openmrs-api-2.4.0.jar:?]
	... 2 more
Caused by: liquibase.exception.DatabaseException: Key column 'report_definition_uuid' doesn't exist in table [Failed SQL: (1072) CREATE INDEX report_definition_uuid_for_reporting_report_design ON openmrs.reporting_report_design(report_definition_uuid)]
	at liquibase.executor.jvm.JdbcExecutor$ExecuteStatementCallback.doInStatement(JdbcExecutor.java:430) ~[liquibase-core-3.10.2.jar:?]
	at liquibase.executor.jvm.JdbcExecutor.execute(JdbcExecutor.java:87) ~[liquibase-core-3.10.2.jar:?]
	at liquibase.executor.jvm.JdbcExecutor.execute(JdbcExecutor.java:159) ~[liquibase-core-3.10.2.jar:?]
	at liquibase.database.AbstractJdbcDatabase.execute(AbstractJdbcDatabase.java:1276) ~[liquibase-core-3.10.2.jar:?]
	at liquibase.database.AbstractJdbcDatabase.executeStatements(AbstractJdbcDatabase.java:1258) ~[liquibase-core-3.10.2.jar:?]
	at liquibase.changelog.ChangeSet.execute(ChangeSet.java:622) ~[liquibase-core-3.10.2.jar:?]
	at liquibase.changelog.visitor.UpdateVisitor.visit(UpdateVisitor.java:53) ~[liquibase-core-3.10.2.jar:?]
	at org.openmrs.util.DatabaseUpdater$OpenmrsUpdateVisitor.visit(DatabaseUpdater.java:850) ~[openmrs-api-2.4.0.jar:?]
	at liquibase.changelog.ChangeLogIterator.run(ChangeLogIterator.java:97) ~[liquibase-core-3.10.2.jar:?]
	at org.openmrs.util.DatabaseUpdater.executeChangelog(DatabaseUpdater.java:232) ~[openmrs-api-2.4.0.jar:?]
	at org.openmrs.module.ModuleFactory.runLiquibase(ModuleFactory.java:989) ~[openmrs-api-2.4.0.jar:?]
	... 2 more
Caused by: java.sql.SQLSyntaxErrorException: Key column 'report_definition_uuid' doesn't exist in table
	at com.mysql.cj.jdbc.exceptions.SQLError.createSQLException(SQLError.java:120) ~[mysql-connector-java-8.0.21.jar:8.0.21]
	at com.mysql.cj.jdbc.exceptions.SQLError.createSQLException(SQLError.java:97) ~[mysql-connector-java-8.0.21.jar:8.0.21]
	at com.mysql.cj.jdbc.exceptions.SQLExceptionsMapping.translateException(SQLExceptionsMapping.java:122) ~[mysql-connector-java-8.0.21.jar:8.0.21]
	at com.mysql.cj.jdbc.StatementImpl.executeInternal(StatementImpl.java:764) ~[mysql-connector-java-8.0.21.jar:8.0.21]
	at com.mysql.cj.jdbc.StatementImpl.execute(StatementImpl.java:648) ~[mysql-connector-java-8.0.21.jar:8.0.21]
	at liquibase.executor.jvm.JdbcExecutor$ExecuteStatementCallback.doInStatement(JdbcExecutor.java:426) ~[liquibase-core-3.10.2.jar:?]
	at liquibase.executor.jvm.JdbcExecutor.execute(JdbcExecutor.java:87) ~[liquibase-core-3.10.2.jar:?]
	at liquibase.executor.jvm.JdbcExecutor.execute(JdbcExecutor.java:159) ~[liquibase-core-3.10.2.jar:?]
	at liquibase.database.AbstractJdbcDatabase.execute(AbstractJdbcDatabase.java:1276) ~[liquibase-core-3.10.2.jar:?]
	at liquibase.database.AbstractJdbcDatabase.executeStatements(AbstractJdbcDatabase.java:1258) ~[liquibase-core-3.10.2.jar:?]
	at liquibase.changelog.ChangeSet.execute(ChangeSet.java:622) ~[liquibase-core-3.10.2.jar:?]
	at liquibase.changelog.visitor.UpdateVisitor.visit(UpdateVisitor.java:53) ~[liquibase-core-3.10.2.jar:?]
	at org.openmrs.util.DatabaseUpdater$OpenmrsUpdateVisitor.visit(DatabaseUpdater.java:850) ~[openmrs-api-2.4.0.jar:?]
	at liquibase.changelog.ChangeLogIterator.run(ChangeLogIterator.java:97) ~[liquibase-core-3.10.2.jar:?]
	at org.openmrs.util.DatabaseUpdater.executeChangelog(DatabaseUpdater.java:232) ~[openmrs-api-2.4.0.jar:?]
	at org.openmrs.module.ModuleFactory.runLiquibase(ModuleFactory.java:989) ~[openmrs-api-2.4.0.jar:?]
	... 2 more
INFO - LoggingAdvice.invoke(117) |2025-07-09T01:14:06,685| In method AlertService.saveAlert. Arguments: Alert=Alert: #null, 
INFO - LoggingAdvice.invoke(157) |2025-07-09T01:14:06,708| Exiting method saveAlert
ERROR - ModuleFactory.startModules(257) |2025-07-09T01:14:06,727| Module EMR API Module cannot be started because it requires the following module(s): reporting ${reportingModuleVersion} Please install and start these modules first.
INFO - LoggingAdvice.invoke(117) |2025-07-09T01:14:06,752| In method AlertService.saveAlert. Arguments: Alert=Alert: #null, 
INFO - LoggingAdvice.invoke(157) |2025-07-09T01:14:06,754| Exiting method saveAlert
ERROR - ModuleFactory.startModules(257) |2025-07-09T01:14:06,762| Module Appointment Scheduling Module cannot be started because it requires the following module(s): reporting 0.9.2 Please install and start these modules first.
INFO - LoggingAdvice.invoke(117) |2025-07-09T01:14:06,775| In method AlertService.saveAlert. Arguments: Alert=Alert: #null, 
INFO - LoggingAdvice.invoke(157) |2025-07-09T01:14:06,779| Exiting method saveAlert
ERROR - ModuleFactory.startModules(257) |2025-07-09T01:14:06,786| Module Reporting REST cannot be started because it requires the following module(s): reporting 1.15.0 Please install and start these modules first.
INFO - LoggingAdvice.invoke(117) |2025-07-09T01:14:06,794| In method AlertService.saveAlert. Arguments: Alert=Alert: #null, 
INFO - LoggingAdvice.invoke(157) |2025-07-09T01:14:06,795| Exiting method saveAlert
INFO - LoggingAdvice.invoke(117) |2025-07-09T01:14:06,885| In method AdministrationService.saveGlobalProperty. Arguments: GlobalProperty=property: idgen.started value: true, 
INFO - LoggingAdvice.invoke(157) |2025-07-09T01:14:06,887| Exiting method saveGlobalProperty
INFO - LoggingAdvice.invoke(117) |2025-07-09T01:14:06,888| In method AdministrationService.saveGlobalProperty. Arguments: GlobalProperty=property: idgen.mandatory value: false, 
INFO - LoggingAdvice.invoke(157) |2025-07-09T01:14:06,890| Exiting method saveGlobalProperty
ERROR - ModuleFactory.startModules(257) |2025-07-09T01:14:06,909| Module Reference Metadata Module cannot be started because it requires the following module(s): emrapi ${emrapiModuleVersion},reporting 1.19.0 Please install and start these modules first.
INFO - LoggingAdvice.invoke(117) |2025-07-09T01:14:06,918| In method AlertService.saveAlert. Arguments: Alert=Alert: #null, 
INFO - LoggingAdvice.invoke(157) |2025-07-09T01:14:06,921| Exiting method saveAlert
ERROR - ModuleFactory.startModules(257) |2025-07-09T01:14:06,926| Module Reference Demo Data Module cannot be started because it requires the following module(s): referencemetadata 2.5.0},emrapi 1.18 Please install and start these modules first.
INFO - LoggingAdvice.invoke(117) |2025-07-09T01:14:06,936| In method AlertService.saveAlert. Arguments: Alert=Alert: #null, 
INFO - LoggingAdvice.invoke(157) |2025-07-09T01:14:06,939| Exiting method saveAlert
INFO - LoggingAdvice.invoke(117) |2025-07-09T01:14:07,070| In method AdministrationService.saveGlobalProperty. Arguments: GlobalProperty=property: registrationcore.started value: true, 
INFO - LoggingAdvice.invoke(157) |2025-07-09T01:14:07,072| Exiting method saveGlobalProperty
INFO - LoggingAdvice.invoke(117) |2025-07-09T01:14:07,073| In method AdministrationService.saveGlobalProperty. Arguments: GlobalProperty=property: registrationcore.mandatory value: false, 
INFO - LoggingAdvice.invoke(157) |2025-07-09T01:14:07,075| Exiting method saveGlobalProperty
INFO - LoggingAdvice.invoke(117) |2025-07-09T01:14:07,172| In method AdministrationService.saveGlobalProperty. Arguments: GlobalProperty=property: appframework.started value: true, 
INFO - LoggingAdvice.invoke(157) |2025-07-09T01:14:07,174| Exiting method saveGlobalProperty
INFO - LoggingAdvice.invoke(117) |2025-07-09T01:14:07,175| In method AdministrationService.saveGlobalProperty. Arguments: GlobalProperty=property: appframework.mandatory value: false, 
INFO - LoggingAdvice.invoke(157) |2025-07-09T01:14:07,177| Exiting method saveGlobalProperty
INFO - LoggingAdvice.invoke(117) |2025-07-09T01:14:07,238| In method AdministrationService.saveGlobalProperty. Arguments: GlobalProperty=property: formentryapp.started value: true, 
INFO - LoggingAdvice.invoke(157) |2025-07-09T01:14:07,239| Exiting method saveGlobalProperty
INFO - LoggingAdvice.invoke(117) |2025-07-09T01:14:07,241| In method AdministrationService.saveGlobalProperty. Arguments: GlobalProperty=property: formentryapp.mandatory value: false, 
INFO - LoggingAdvice.invoke(157) |2025-07-09T01:14:07,242| Exiting method saveGlobalProperty
INFO - LoggingAdvice.invoke(117) |2025-07-09T01:14:07,301| In method AdministrationService.saveGlobalProperty. Arguments: GlobalProperty=property: allergyui.started value: true, 
INFO - LoggingAdvice.invoke(157) |2025-07-09T01:14:07,302| Exiting method saveGlobalProperty
INFO - LoggingAdvice.invoke(117) |2025-07-09T01:14:07,304| In method AdministrationService.saveGlobalProperty. Arguments: GlobalProperty=property: allergyui.mandatory value: false, 
INFO - LoggingAdvice.invoke(157) |2025-07-09T01:14:07,305| Exiting method saveGlobalProperty
INFO - LoggingAdvice.invoke(117) |2025-07-09T01:14:07,363| In method AdministrationService.saveGlobalProperty. Arguments: GlobalProperty=property: appui.started value: true, 
INFO - LoggingAdvice.invoke(157) |2025-07-09T01:14:07,365| Exiting method saveGlobalProperty
INFO - LoggingAdvice.invoke(117) |2025-07-09T01:14:07,367| In method AdministrationService.saveGlobalProperty. Arguments: GlobalProperty=property: appui.mandatory value: false, 
INFO - LoggingAdvice.invoke(157) |2025-07-09T01:14:07,369| Exiting method saveGlobalProperty
INFO - LoggingAdvice.invoke(117) |2025-07-09T01:14:07,427| In method AdministrationService.saveGlobalProperty. Arguments: GlobalProperty=property: adminui.started value: true, 
INFO - LoggingAdvice.invoke(157) |2025-07-09T01:14:07,428| Exiting method saveGlobalProperty
INFO - LoggingAdvice.invoke(117) |2025-07-09T01:14:07,430| In method AdministrationService.saveGlobalProperty. Arguments: GlobalProperty=property: adminui.mandatory value: false, 
INFO - LoggingAdvice.invoke(157) |2025-07-09T01:14:07,431| Exiting method saveGlobalProperty
ERROR - ModuleFactory.startModules(257) |2025-07-09T01:14:07,450| Module Attachments cannot be started because it requires the following module(s): emrapi 1.19 Please install and start these modules first.
INFO - LoggingAdvice.invoke(117) |2025-07-09T01:14:07,459| In method AlertService.saveAlert. Arguments: Alert=Alert: #null, 
INFO - LoggingAdvice.invoke(157) |2025-07-09T01:14:07,461| Exiting method saveAlert
ERROR - ModuleFactory.startModules(257) |2025-07-09T01:14:07,468| Module Core Apps Module cannot be started because it requires the following module(s): emrapi 1.32.0,reporting 0.10.4 Please install and start these modules first.
INFO - LoggingAdvice.invoke(117) |2025-07-09T01:14:07,478| In method AlertService.saveAlert. Arguments: Alert=Alert: #null, 
INFO - LoggingAdvice.invoke(157) |2025-07-09T01:14:07,480| Exiting method saveAlert
ERROR - ModuleFactory.startModules(257) |2025-07-09T01:14:07,487| Module Registration App Module cannot be started because it requires the following module(s): emrapi 1.18,coreapps 1.11.1,reporting 0.10.4 Please install and start these modules first.
INFO - LoggingAdvice.invoke(117) |2025-07-09T01:14:07,494| In method AlertService.saveAlert. Arguments: Alert=Alert: #null, 
INFO - LoggingAdvice.invoke(157) |2025-07-09T01:14:07,496| Exiting method saveAlert
ERROR - ModuleFactory.startModules(257) |2025-07-09T01:14:07,503| Module Reporting UI Module cannot be started because it requires the following module(s): reportingrest 1.4,reporting 0.9.3 Please install and start these modules first.
INFO - LoggingAdvice.invoke(117) |2025-07-09T01:14:07,511| In method AlertService.saveAlert. Arguments: Alert=Alert: #null, 
INFO - LoggingAdvice.invoke(157) |2025-07-09T01:14:07,513| Exiting method saveAlert
ERROR - ModuleFactory.startModules(257) |2025-07-09T01:14:07,521| Module Appointment Scheduling UI Module cannot be started because it requires the following module(s): appointmentscheduling ${appointmentSchedulingVersion},coreapps 1.11.1,emrapi,reporting Please install and start these modules first.
INFO - LoggingAdvice.invoke(117) |2025-07-09T01:14:07,528| In method AlertService.saveAlert. Arguments: Alert=Alert: #null, 
INFO - LoggingAdvice.invoke(157) |2025-07-09T01:14:07,530| Exiting method saveAlert
ERROR - ModuleFactory.startModules(257) |2025-07-09T01:14:07,536| Module HTML Form Entry UI Framework Integration Module cannot be started because it requires the following module(s): emrapi 1.18 Please install and start these modules first.
INFO - LoggingAdvice.invoke(117) |2025-07-09T01:14:07,545| In method AlertService.saveAlert. Arguments: Alert=Alert: #null, 
INFO - LoggingAdvice.invoke(157) |2025-07-09T01:14:07,547| Exiting method saveAlert
ERROR - ModuleFactory.startModules(257) |2025-07-09T01:14:07,553| Module Reference Application Module cannot be started because it requires the following module(s): htmlformentryui 1.6.1 Please install and start these modules first.
INFO - LoggingAdvice.invoke(117) |2025-07-09T01:14:07,562| In method AlertService.saveAlert. Arguments: Alert=Alert: #null, 
INFO - LoggingAdvice.invoke(157) |2025-07-09T01:14:07,564| Exiting method saveAlert
INFO - LoggingAdvice.invoke(117) |2025-07-09T01:14:08,132| In method SchedulerService.saveToMemento. Arguments: 
INFO - LoggingAdvice.invoke(157) |2025-07-09T01:14:08,136| Exiting method saveToMemento
INFO - EhCacheManagerFactoryBean.destroy(192) |2025-07-09T01:14:08,160| Shutting down EhCache CacheManager
INFO - ServiceContext.startRefreshingContext(822) |2025-07-09T01:14:08,162| Refreshing Context
INFO - Context.setAuthenticationScheme(194) |2025-07-09T01:14:27,281| An authentication scheme override was provided. Using this one in place of the OpenMRS default authentication scheme.
INFO - ServiceContext.doneRefreshingContext(833) |2025-07-09T01:14:28,319| Done refreshing Context
WARN - OpenmrsUtil.getRuntimePropertiesFilePathName(2138) |2025-07-09T01:14:37,424| Unable to find a runtime properties file at /usr/local/tomcat/openmrs-runtime.properties
WARN - OpenmrsUtil.getRuntimePropertiesFilePathName(2138) |2025-07-09T01:14:37,598| Unable to find a runtime properties file at /usr/local/tomcat/openmrs-runtime.properties
INFO - ChangeLogDetective.getInitialLiquibaseSnapshotVersion(69) |2025-07-09T01:14:37,603| identifying the Liquibase snapshot version that had been used to initialize the OpenMRS database...
INFO - ChangeLogDetective.getInitialLiquibaseSnapshotVersion(82) |2025-07-09T01:14:37,603| looking for un-run change sets in snapshot version '2.3.x'
INFO - ChangeLogDetective.getInitialLiquibaseSnapshotVersion(95) |2025-07-09T01:14:37,831| file 'org/openmrs/liquibase/snapshots/schema-only/liquibase-schema-only-2.3.x.xml' contains 0 un-run change sets
INFO - ChangeLogDetective.getInitialLiquibaseSnapshotVersion(95) |2025-07-09T01:14:37,994| file 'org/openmrs/liquibase/snapshots/core-data/liquibase-core-data-2.3.x.xml' contains 0 un-run change sets
INFO - ChangeLogDetective.getInitialLiquibaseSnapshotVersion(113) |2025-07-09T01:14:37,995| the Liquibase snapshot version that had been used to initialize the OpenMRS database is '2.3.x'
INFO - ChangeLogDetective.getUnrunLiquibaseUpdateFileNames(149) |2025-07-09T01:14:38,050| file 'org/openmrs/liquibase/updates/liquibase-update-to-latest-2.4.x.xml}' contains 0 un-run change sets
INFO - ChangeLogDetective.getInitialLiquibaseSnapshotVersion(69) |2025-07-09T01:14:38,051| identifying the Liquibase snapshot version that had been used to initialize the OpenMRS database...
INFO - ChangeLogDetective.getInitialLiquibaseSnapshotVersion(82) |2025-07-09T01:14:38,052| looking for un-run change sets in snapshot version '2.3.x'
INFO - ChangeLogDetective.getInitialLiquibaseSnapshotVersion(95) |2025-07-09T01:14:38,238| file 'org/openmrs/liquibase/snapshots/schema-only/liquibase-schema-only-2.3.x.xml' contains 0 un-run change sets
INFO - ChangeLogDetective.getInitialLiquibaseSnapshotVersion(95) |2025-07-09T01:14:38,384| file 'org/openmrs/liquibase/snapshots/core-data/liquibase-core-data-2.3.x.xml' contains 0 un-run change sets
INFO - ChangeLogDetective.getInitialLiquibaseSnapshotVersion(113) |2025-07-09T01:14:38,385| the Liquibase snapshot version that had been used to initialize the OpenMRS database is '2.3.x'
INFO - ChangeLogDetective.getUnrunLiquibaseUpdateFileNames(149) |2025-07-09T01:14:38,421| file 'org/openmrs/liquibase/updates/liquibase-update-to-latest-2.4.x.xml}' contains 0 un-run change sets
